<?xml version="1.0" encoding="UTF-8"?>
<testng-results ignored="0" total="1" passed="1" failed="0" skipped="0">
  <reporter-output>
  </reporter-output>
  <suite started-at="2023-11-01T15:57:54 IST" name="Default suite" finished-at="2023-11-01T15:58:02 IST" duration-ms="8277">
    <groups>
    </groups>
    <test started-at="2023-11-01T15:57:54 IST" name="Default test" finished-at="2023-11-01T15:58:02 IST" duration-ms="8277">
      <class name="Automation.GTM.Scenario1">
        <test-method signature="launch()[pri:0, instance:Automation.GTM.Scenario1@2b48a640]" started-at="2023-11-01T15:57:54 IST" name="launch" finished-at="2023-11-01T15:58:02 IST" duration-ms="8233" status="PASS">
          <reporter-output>
          </reporter-output>
        </test-method> <!-- launch -->
      </class> <!-- Automation.GTM.Scenario1 -->
    </test> <!-- Default test -->
  </suite> <!-- Default suite -->
</testng-results>
