# JRE version: Java(TM) SE Runtime Environment (17.0.8+9) (build 17.0.8+9-LTS-211)
# Java VM: Java HotSpot(TM) 64-Bit Server VM (17.0.8+9-LTS-211, mixed mode, sharing, tiered, compressed oops, compressed class ptrs, g1 gc, windows-amd64)
GC Precious Log:
 CPUs: 8 total, 8 available
 Memory: 7942M
 Large Page Support: Disabled
 NUMA Support: Disabled
 Compressed Oops: Enabled (32-bit)
 Heap Region Size: 1M
 Heap Min Capacity: 8M
 Heap Initial Capacity: 8M
 Heap Max Capacity: 1986M
 Pre-touch: Disabled
 Parallel Workers: 8
 Concurrent Workers: 2
 Concurrent Refinement Workers: 8
 Periodic GC: Disabled
Heap:
 garbage-first heap   total 10240K, used 4449K [0x0000000083e00000, 0x0000000100000000)
  region size 1024K, 1 young (1024K), 1 survivors (1024K)
 Metaspace       used 8568K, committed 8832K, reserved 1114112K
  class space    used 1014K, committed 1152K, reserved 1048576K
GC Heap History (17 events):
Event: 0.328 GC heap before
{Heap before GC invocations=0 (full 0):
 garbage-first heap   total 8192K, used 3072K [0x0000000083e00000, 0x0000000100000000)
  region size 1024K, 3 young (3072K), 0 survivors (0K)
 Metaspace       used 2767K, committed 2880K, reserved 1114112K
  class space    used 353K, committed 384K, reserved 1048576K
}
Event: 0.333 GC heap after
{Heap after GC invocations=1 (full 0):
 garbage-first heap   total 8192K, used 1415K [0x0000000083e00000, 0x0000000100000000)
  region size 1024K, 1 young (1024K), 1 survivors (1024K)
 Metaspace       used 2767K, committed 2880K, reserved 1114112K
  class space    used 353K, committed 384K, reserved 1048576K
}
Event: 0.474 GC heap before
{Heap before GC invocations=1 (full 0):
 garbage-first heap   total 8192K, used 2439K [0x0000000083e00000, 0x0000000100000000)
  region size 1024K, 2 young (2048K), 1 survivors (1024K)
 Metaspace       used 5404K, committed 5568K, reserved 1114112K
  class space    used 641K, committed 768K, reserved 1048576K
}
Event: 0.478 GC heap after
{Heap after GC invocations=2 (full 0):
 garbage-first heap   total 8192K, used 2073K [0x0000000083e00000, 0x0000000100000000)
  region size 1024K, 1 young (1024K), 1 survivors (1024K)
 Metaspace       used 5404K, committed 5568K, reserved 1114112K
  class space    used 641K, committed 768K, reserved 1048576K
}
Event: 0.596 GC heap before
{Heap before GC invocations=2 (full 0):
 garbage-first heap   total 8192K, used 3097K [0x0000000083e00000, 0x0000000100000000)
  region size 1024K, 2 young (2048K), 1 survivors (1024K)
 Metaspace       used 7100K, committed 7296K, reserved 1114112K
  class space    used 833K, committed 896K, reserved 1048576K
}
Event: 0.598 GC heap after
{Heap after GC invocations=3 (full 0):
 garbage-first heap   total 8192K, used 2334K [0x0000000083e00000, 0x0000000100000000)
  region size 1024K, 1 young (1024K), 1 survivors (1024K)
 Metaspace       used 7100K, committed 7296K, reserved 1114112K
  class space    used 833K, committed 896K, reserved 1048576K
}
Event: 0.671 GC heap before
{Heap before GC invocations=3 (full 0):
 garbage-first heap   total 8192K, used 3358K [0x0000000083e00000, 0x0000000100000000)
  region size 1024K, 2 young (2048K), 1 survivors (1024K)
 Metaspace       used 7529K, committed 7680K, reserved 1114112K
  class space    used 882K, committed 960K, reserved 1048576K
}
Event: 0.675 GC heap after
{Heap after GC invocations=4 (full 0):
 garbage-first heap   total 8192K, used 2577K [0x0000000083e00000, 0x0000000100000000)
  region size 1024K, 1 young (1024K), 1 survivors (1024K)
 Metaspace       used 7529K, committed 7680K, reserved 1114112K
  class space    used 882K, committed 960K, reserved 1048576K
}
Event: 0.736 GC heap before
{Heap before GC invocations=4 (full 0):
 garbage-first heap   total 8192K, used 3601K [0x0000000083e00000, 0x0000000100000000)
  region size 1024K, 2 young (2048K), 1 survivors (1024K)
 Metaspace       used 7623K, committed 7744K, reserved 1114112K
  class space    used 889K, committed 960K, reserved 1048576K
}
Event: 0.742 GC heap after
{Heap after GC invocations=5 (full 0):
 garbage-first heap   total 10240K, used 3015K [0x0000000083e00000, 0x0000000100000000)
  region size 1024K, 1 young (1024K), 1 survivors (1024K)
 Metaspace       used 7623K, committed 7744K, reserved 1114112K
  class space    used 889K, committed 960K, reserved 1048576K
}
Event: 0.829 GC heap before
{Heap before GC invocations=5 (full 0):
 garbage-first heap   total 10240K, used 5063K [0x0000000083e00000, 0x0000000100000000)
  region size 1024K, 3 young (3072K), 1 survivors (1024K)
 Metaspace       used 7840K, committed 8000K, reserved 1114112K
  class space    used 919K, committed 1024K, reserved 1048576K
}
Event: 0.834 GC heap after
{Heap after GC invocations=6 (full 0):
 garbage-first heap   total 10240K, used 3404K [0x0000000083e00000, 0x0000000100000000)
  region size 1024K, 1 young (1024K), 1 survivors (1024K)
 Metaspace       used 7840K, committed 8000K, reserved 1114112K
  class space    used 919K, committed 1024K, reserved 1048576K
}
Event: 0.924 GC heap before
{Heap before GC invocations=6 (full 0):
 garbage-first heap   total 10240K, used 5452K [0x0000000083e00000, 0x0000000100000000)
  region size 1024K, 3 young (3072K), 1 survivors (1024K)
 Metaspace       used 8090K, committed 8320K, reserved 1114112K
  class space    used 941K, committed 1088K, reserved 1048576K
}
Event: 0.930 GC heap after
{Heap after GC invocations=7 (full 0):
 garbage-first heap   total 10240K, used 3813K [0x0000000083e00000, 0x0000000100000000)
  region size 1024K, 1 young (1024K), 1 survivors (1024K)
 Metaspace       used 8090K, committed 8320K, reserved 1114112K
  class space    used 941K, committed 1088K, reserved 1048576K
}
Event: 0.996 GC heap before
{Heap before GC invocations=7 (full 0):
 garbage-first heap   total 10240K, used 5861K [0x0000000083e00000, 0x0000000100000000)
  region size 1024K, 3 young (3072K), 1 survivors (1024K)
 Metaspace       used 8288K, committed 8512K, reserved 1114112K
  class space    used 965K, committed 1088K, reserved 1048576K
}
Event: 1.001 GC heap after
{Heap after GC invocations=8 (full 0):
 garbage-first heap   total 10240K, used 4248K [0x0000000083e00000, 0x0000000100000000)
  region size 1024K, 1 young (1024K), 1 survivors (1024K)
 Metaspace       used 8288K, committed 8512K, reserved 1114112K
  class space    used 965K, committed 1088K, reserved 1048576K
}
Event: 1.086 GC heap before
{Heap before GC invocations=8 (full 0):
 garbage-first heap   total 10240K, used 5272K [0x0000000083e00000, 0x0000000100000000)
  region size 1024K, 2 young (2048K), 1 survivors (1024K)
 Metaspace       used 8568K, committed 8832K, reserved 1114112K
  class space    used 1014K, committed 1152K, reserved 1048576K
}

